c:\users\mstce\downloads\ejemplo2\ejemplo2\x64\debug\vc142.pdb
c:\users\mstce\downloads\ejemplo2\ejemplo2\x64\debug\vc142.idb
c:\users\mstce\downloads\ejemplo2\ejemplo2\x64\debug\textureshaderclass.obj
c:\users\mstce\downloads\ejemplo2\ejemplo2\x64\debug\textureclass.obj
c:\users\mstce\downloads\ejemplo2\ejemplo2\x64\debug\systemclass.obj
c:\users\mstce\downloads\ejemplo2\ejemplo2\x64\debug\openglclass.obj
c:\users\mstce\downloads\ejemplo2\ejemplo2\x64\debug\modelclass.obj
c:\users\mstce\downloads\ejemplo2\ejemplo2\x64\debug\main.obj
c:\users\mstce\downloads\ejemplo2\ejemplo2\x64\debug\inputclass.obj
c:\users\mstce\downloads\ejemplo2\ejemplo2\x64\debug\graphicsclass.obj
c:\users\mstce\downloads\ejemplo2\ejemplo2\x64\debug\cameraclass.obj
c:\users\mstce\downloads\ejemplo2\x64\debug\ejemplo2.exe
c:\users\mstce\downloads\ejemplo2\x64\debug\ejemplo2.ilk
c:\users\mstce\downloads\ejemplo2\x64\debug\ejemplo2.pdb
c:\users\mstce\downloads\ejemplo2\ejemplo2\x64\debug\ejemplo2.tlog\cl.command.1.tlog
c:\users\mstce\downloads\ejemplo2\ejemplo2\x64\debug\ejemplo2.tlog\cl.read.1.tlog
c:\users\mstce\downloads\ejemplo2\ejemplo2\x64\debug\ejemplo2.tlog\cl.write.1.tlog
c:\users\mstce\downloads\ejemplo2\ejemplo2\x64\debug\ejemplo2.tlog\link.command.1.tlog
c:\users\mstce\downloads\ejemplo2\ejemplo2\x64\debug\ejemplo2.tlog\link.read.1.tlog
c:\users\mstce\downloads\ejemplo2\ejemplo2\x64\debug\ejemplo2.tlog\link.write.1.tlog
